\BOOKMARK [0][-]{chapter.1}{\376\377\000D\000a\000y\000\040\0000\000\040\000a\000f\000t\000e\000r\000n\000o\000o\000n\000:\000\040\000O\000r\000i\000e\000n\000t\000a\000t\000i\000o\000n}{}% 1
\BOOKMARK [1][-]{section.1.1}{\376\377\000M\000e\000d\000i\000t\000a\000t\000i\000o\000n}{chapter.1}% 2
\BOOKMARK [1][-]{section.1.2}{\376\377\000R\000e\000t\000r\000e\000a\000t}{chapter.1}% 3
\BOOKMARK [1][-]{section.1.3}{\376\377\000G\000u\000i\000d\000e\000l\000i\000n\000e\000s}{chapter.1}% 4
\BOOKMARK [1][-]{section.1.4}{\376\377\000S\000i\000l\000e\000n\000c\000e}{chapter.1}% 5
\BOOKMARK [0][-]{chapter.2}{\376\377\000D\000a\000y\000\040\0000\000\040\000e\000v\000e\000n\000i\000n\000g\000:\000\040\000M\000e\000d\000i\000t\000a\000t\000i\000o\000n\000\040\000I\000n\000s\000t\000r\000u\000c\000t\000i\000o\000n\000s}{}% 6
\BOOKMARK [1][-]{section.2.1}{\376\377\000S\000i\000l\000a}{chapter.2}% 7
\BOOKMARK [1][-]{section.2.2}{\376\377\000S\000i\000t\000t\000i\000n\000g\000\040\000m\000e\000d\000i\000t\000a\000t\000i\000o\000n}{chapter.2}% 8
\BOOKMARK [1][-]{section.2.3}{\376\377\000F\000i\000r\000s\000t\000\040\000s\000t\000a\000g\000e\000:\000\040\000I\000n\000t\000e\000r\000n\000a\000l\000i\000z\000i\000n\000g\000\040\000a\000w\000a\000r\000e\000n\000e\000s\000s\000\040\040\023\000\040\000l\000e\000t\000t\000i\000n\000g\000\040\000g\000o\000\040\000o\000f\000\040\000p\000a\000s\000t\000\040\000a\000n\000d\000\040\000f\000u\000t\000u\000r\000e}{chapter.2}% 9
\BOOKMARK [1][-]{section.2.4}{\376\377\000S\000e\000c\000o\000n\000d\000\040\000s\000t\000a\000g\000e\000:\000\040\000F\000e\000e\000l\000i\000n\000g\000\040\000b\000o\000d\000y\000\040\000s\000e\000n\000s\000a\000t\000i\000o\000n\000\040\040\023\000\040\000l\000e\000t\000t\000i\000n\000g\000\040\000g\000o\000\040\000o\000f\000\040\000t\000h\000e\000\040\000b\000o\000d\000y}{chapter.2}% 10
\BOOKMARK [1][-]{section.2.5}{\376\377\000T\000h\000i\000r\000d\000\040\000s\000t\000a\000g\000e\000:\000\040\000U\000s\000i\000n\000g\000\040\000t\000h\000e\000\040\000b\000r\000e\000a\000t\000h\000\040\000t\000o\000\040\000m\000a\000i\000n\000t\000a\000i\000n\000\040\000a\000w\000a\000r\000e\000n\000e\000s\000s}{chapter.2}% 11
\BOOKMARK [1][-]{section.2.6}{\376\377\000T\000h\000e\000\040\000f\000o\000u\000r\000\040\000e\000l\000e\000m\000e\000n\000t\000s}{chapter.2}% 12
\BOOKMARK [1][-]{section.2.7}{\376\377\000W\000a\000l\000k\000i\000n\000g\000\040\000m\000e\000d\000i\000t\000a\000t\000i\000o\000n}{chapter.2}% 13
\BOOKMARK [0][-]{chapter.3}{\376\377\000D\000a\000y\000\040\0001\000,\000\040\000m\000o\000r\000n\000i\000n\000g}{}% 14
\BOOKMARK [1][-]{section.3.1}{\376\377\000G\000e\000n\000e\000r\000a\000l\000\040\000o\000u\000t\000l\000i\000n\000e}{chapter.3}% 15
\BOOKMARK [1][-]{section.3.2}{\376\377\000N\000o\000t\000i\000n\000g\000,\000\040\000K\000n\000o\000w\000i\000n\000g\000,\000\040\000L\000e\000t\000t\000i\000n\000g\000\040\000g\000o}{chapter.3}% 16
\BOOKMARK [0][-]{chapter.4}{\376\377\000D\000a\000y\000\040\0001\000,\000\040\000a\000f\000t\000e\000r\000n\000o\000o\000n}{}% 17
\BOOKMARK [1][-]{section.4.1}{\376\377\000A\000w\000a\000r\000e\000n\000e\000s\000s\000\040\000o\000f\000\040\000d\000a\000i\000l\000y\000\040\000a\000c\000t\000i\000v\000i\000t\000i\000e\000s}{chapter.4}% 18
\BOOKMARK [1][-]{section.4.2}{\376\377\000W\000i\000s\000e\000\040\000a\000t\000t\000e\000n\000t\000i\000o\000n}{chapter.4}% 19
\BOOKMARK [1][-]{section.4.3}{\376\377\000L\000a\000b\000e\000l\000l\000i\000n\000g\000\040\000t\000e\000c\000h\000n\000i\000q\000u\000e}{chapter.4}% 20
\BOOKMARK [1][-]{section.4.4}{\376\377\000K\000a\000r\000m\000a}{chapter.4}% 21
\BOOKMARK [0][-]{chapter.5}{\376\377\000D\000a\000y\000\040\0002\000,\000\040\000m\000o\000r\000n\000i\000n\000g}{}% 22
\BOOKMARK [1][-]{section.5.1}{\376\377\000R\000e\000f\000i\000n\000i\000n\000g\000\040\000s\000i\000t\000t\000i\000n\000g\000\040\000m\000e\000d\000i\000t\000a\000t\000i\000o\000n\000\040\000i\000n\000s\000t\000r\000u\000c\000t\000i\000o\000n\000s}{chapter.5}% 23
\BOOKMARK [1][-]{section.5.2}{\376\377\000T\000r\000u\000e\000\040\000V\000i\000p\000a\000s\000s\000a\000n\000a\000\040\000t\000e\000c\000h\000n\000i\000q\000u\000e}{chapter.5}% 24
\BOOKMARK [0][-]{chapter.6}{\376\377\000D\000a\000y\000\040\0002\000,\000\040\000a\000f\000t\000e\000r\000n\000o\000o\000n}{}% 25
\BOOKMARK [1][-]{section.6.1}{\376\377\000F\000e\000e\000l\000i\000n\000g}{chapter.6}% 26
\BOOKMARK [0][-]{chapter.7}{\376\377\000D\000a\000y\000\040\0003\000,\000\040\000m\000o\000r\000n\000i\000n\000g}{}% 27
\BOOKMARK [1][-]{section.7.1}{\376\377\000F\000i\000r\000s\000t\000\040\000h\000i\000n\000d\000r\000a\000n\000c\000e\000\040\000k\001\001\000m\000a\000c\000c\000h\000a\000n\000d\000a}{chapter.7}% 28
\BOOKMARK [1][-]{section.7.2}{\376\377\000S\000e\000c\000o\000n\000d\000\040\000h\000i\000n\000d\000r\000a\000n\000c\000e\000\040\000v\000y\001\001\000p\001\001\000d\000a}{chapter.7}% 29
\BOOKMARK [1][-]{section.7.3}{\376\377\000T\000h\000i\000r\000d\000\040\000h\000i\000n\000d\000r\000a\000n\000c\000e\000\040\000t\000h\001\053\000n\000a\000m\000i\000d\000d\000h\000a}{chapter.7}% 30
\BOOKMARK [1][-]{section.7.4}{\376\377\000F\000o\000u\000r\000t\000h\000\040\000h\000i\000n\000d\000r\000a\000n\000c\000e\000\040\000u\000d\000d\000h\000a\000c\000h\000a\000k\000u\000k\000k\000u\000c\000c\000a}{chapter.7}% 31
\BOOKMARK [1][-]{section.7.5}{\376\377\000F\000i\000f\000t\000h\000\040\000h\000i\000n\000d\000r\000a\000n\000c\000e\000\040\000v\000i\000c\000i\000k\000i\000c\000c\000h\001\001}{chapter.7}% 32
\BOOKMARK [0][-]{chapter.8}{\376\377\000D\000a\000y\000\040\0003\000,\000\040\000a\000f\000t\000e\000r\000n\000o\000o\000n}{}% 33
\BOOKMARK [1][-]{section.8.1}{\376\377\000F\000i\000r\000s\000t\000\040\000e\000n\000l\000i\000g\000h\000t\000e\000n\000m\000e\000n\000t\000\040\000f\000a\000c\000t\000o\000r\000\040\000s\000a\000t\000i}{chapter.8}% 34
\BOOKMARK [1][-]{section.8.2}{\376\377\000T\000h\000i\000r\000d\000\040\000e\000n\000l\000i\000g\000h\000t\000e\000n\000m\000e\000n\000t\000\040\000f\000a\000c\000t\000o\000r\000\040\000v\000i\000r\000i\000y\000a}{chapter.8}% 35
\BOOKMARK [1][-]{section.8.3}{\376\377\000P\000a\000i\000n\000f\000u\000l\000\040\000s\000e\000n\000s\000a\000t\000i\000o\000n\000s}{chapter.8}% 36
\BOOKMARK [0][-]{chapter.9}{\376\377\000D\000a\000y\000\040\0004\000,\000\040\000m\000o\000r\000n\000i\000n\000g}{}% 37
\BOOKMARK [1][-]{section.9.1}{\376\377\000S\000e\000c\000o\000n\000d\000\040\000e\000n\000l\000i\000g\000h\000t\000e\000n\000m\000e\000n\000t\000\040\000f\000a\000c\000t\000o\000r\000\040\000d\000h\000a\000m\000m\000a\000\040\000v\000i\000c\000a\000y\000a}{chapter.9}% 38
\BOOKMARK [1][-]{section.9.2}{\376\377\000I\000n\000t\000e\000n\000t\000i\000o\000n}{chapter.9}% 39
\BOOKMARK [0][-]{chapter.10}{\376\377\000D\000a\000y\000\040\0004\000,\000\040\000a\000f\000t\000e\000r\000n\000o\000o\000n}{}% 40
\BOOKMARK [1][-]{section.10.1}{\376\377\000T\000h\000i\000r\000d\000\040\000f\000o\000u\000n\000d\000a\000t\000i\000o\000n\000\040\000o\000f\000\040\000m\000i\000n\000d\000f\000u\000l\000n\000e\000s\000s\000\040\000c\000i\000t\000t\000a\000\040\000n\000u\000p\000a\000s\000s\000a\000n\000a}{chapter.10}% 41
\BOOKMARK [1][-]{section.10.2}{\376\377\000C\000r\000a\000v\000i\000n\000g}{chapter.10}% 42
\BOOKMARK [1][-]{section.10.3}{\376\377\000I\000g\000n\000o\000r\000a\000n\000c\000e}{chapter.10}% 43
\BOOKMARK [1][-]{section.10.4}{\376\377\000A\000v\000e\000r\000s\000i\000o\000n}{chapter.10}% 44
\BOOKMARK [1][-]{section.10.5}{\376\377\000W\000r\000o\000n\000g\000\040\000a\000t\000t\000i\000t\000u\000d\000e}{chapter.10}% 45
\BOOKMARK [0][-]{chapter.11}{\376\377\000D\000a\000y\000\040\0005\000,\000\040\000m\000o\000r\000n\000i\000n\000g}{}% 46
\BOOKMARK [1][-]{section.11.1}{\376\377\000I\000n\000t\000e\000n\000t\000i\000o\000n\000\040\000a\000n\000d\000\040\000d\000e\000s\000i\000r\000e}{chapter.11}% 47
\BOOKMARK [1][-]{section.11.2}{\376\377\000C\000o\000n\000t\000e\000n\000t\000m\000e\000n\000t}{chapter.11}% 48
\BOOKMARK [1][-]{section.11.3}{\376\377\000T\000h\000e\000\040\000f\000i\000v\000e\000\040\000f\000a\000c\000u\000l\000t\000i\000e\000s}{chapter.11}% 49
\BOOKMARK [1][-]{section.11.4}{\376\377\000B\000a\000l\000a\000n\000c\000i\000n\000g\000\040\000t\000h\000e\000\040\000f\000i\000v\000e\000\040\000f\000a\000c\000u\000l\000t\000i\000e\000s}{chapter.11}% 50
\BOOKMARK [1][-]{section.11.5}{\376\377\000D\000e\000v\000e\000l\000o\000p\000i\000n\000g\000\040\000t\000h\000e\000\040\000f\000i\000v\000e\000\040\000f\000a\000c\000u\000l\000t\000i\000e\000s}{chapter.11}% 51
\BOOKMARK [0][-]{chapter.12}{\376\377\000D\000a\000y\000\040\0005\000,\000\040\000a\000f\000t\000e\000r\000n\000o\000o\000n}{}% 52
\BOOKMARK [1][-]{section.12.1}{\376\377\000F\000i\000r\000s\000t\000\040\000n\000o\000b\000l\000e\000\040\000t\000r\000u\000t\000h}{chapter.12}% 53
\BOOKMARK [1][-]{section.12.2}{\376\377\000C\000r\000a\000v\000i\000n\000g\000,\000\040\000c\000o\000n\000c\000e\000i\000t\000\040\000a\000n\000d\000\040\000v\000i\000e\000w\000s}{chapter.12}% 54
\BOOKMARK [1][-]{section.12.3}{\376\377\000T\000h\000e\000\040\000s\000i\000x\000\040\000s\000e\000n\000s\000e\000\040\000b\000a\000s\000e\000s}{chapter.12}% 55
\BOOKMARK [1][-]{section.12.4}{\376\377\000T\000h\000e\000\040\000f\000i\000v\000e\000\040\000a\000g\000g\000r\000e\000g\000a\000t\000e\000s}{chapter.12}% 56
\BOOKMARK [1][-]{section.12.5}{\376\377\000I\000d\000e\000n\000t\000i\000t\000y\000\040\000v\000i\000e\000w}{chapter.12}% 57
\BOOKMARK [0][-]{chapter.13}{\376\377\000D\000a\000y\000\040\0006\000,\000\040\000m\000o\000r\000n\000i\000n\000g}{}% 58
\BOOKMARK [1][-]{section.13.1}{\376\377\000E\000n\000l\000i\000g\000h\000t\000e\000n\000m\000e\000n\000t\000\040\000f\000a\000c\000t\000o\000r\000s\000,\000\040\000b\000o\000j\000j\000h\000a\000n\000g\000a\000s}{chapter.13}% 59
\BOOKMARK [1][-]{section.13.2}{\376\377\000F\000o\000u\000r\000t\000h\000\040\000e\000n\000l\000i\000g\000h\000t\000e\000n\000m\000e\000n\000t\000\040\000f\000a\000c\000t\000o\000r\000\040\000p\000i\000t\000i}{chapter.13}% 60
\BOOKMARK [1][-]{section.13.3}{\376\377\000F\000i\000f\000t\000h\000\040\000e\000n\000l\000i\000g\000h\000t\000e\000n\000m\000e\000n\000t\000\040\000f\000a\000c\000t\000o\000r\000\040\000p\000a\000s\000s\000a\000d\000d\000h\000i}{chapter.13}% 61
\BOOKMARK [1][-]{section.13.4}{\376\377\000S\000i\000x\000t\000h\000\040\000e\000n\000l\000i\000g\000h\000t\000e\000n\000m\000e\000n\000t\000\040\000f\000a\000c\000t\000o\000r\000\040\000s\000a\000m\000a\000d\000h\000i}{chapter.13}% 62
\BOOKMARK [1][-]{section.13.5}{\376\377\000F\000i\000r\000s\000t\000\040\000j\000h\000a\000n\000a}{chapter.13}% 63
\BOOKMARK [1][-]{section.13.6}{\376\377\000S\000e\000c\000o\000n\000d\000\040\000j\000h\000a\000n\000a}{chapter.13}% 64
\BOOKMARK [0][-]{chapter.14}{\376\377\000D\000a\000y\000\040\0006\000,\000\040\000a\000f\000t\000e\000r\000n\000o\000o\000n}{}% 65
\BOOKMARK [1][-]{section.14.1}{\376\377\000S\000e\000c\000o\000n\000d\000\040\000n\000o\000b\000l\000e\000\040\000t\000r\000u\000t\000h}{chapter.14}% 66
\BOOKMARK [1][-]{section.14.2}{\376\377\000T\000h\000i\000r\000d\000\040\000n\000o\000b\000l\000e\000\040\000t\000r\000u\000t\000h}{chapter.14}% 67
\BOOKMARK [1][-]{section.14.3}{\376\377\000N\000i\000r\000v\000a\000n\000a}{chapter.14}% 68
\BOOKMARK [1][-]{section.14.4}{\376\377\000D\000e\000p\000e\000n\000d\000e\000n\000t\000\040\000o\000r\000i\000g\000i\000n\000a\000t\000i\000o\000n}{chapter.14}% 69
\BOOKMARK [1][-]{section.14.5}{\376\377\000D\000u\000k\000k\000h\000a\000\040\000c\000r\000e\000a\000t\000i\000n\000g\000\040\000p\000r\000o\000c\000e\000s\000s}{chapter.14}% 70
\BOOKMARK [1][-]{section.14.6}{\376\377\000D\000u\000k\000k\000h\000a\000\040\000c\000e\000a\000s\000i\000n\000g\000\040\000p\000r\000o\000c\000e\000s\000s}{chapter.14}% 71
\BOOKMARK [0][-]{chapter.15}{\376\377\000D\000a\000y\000\040\0007\000,\000\040\000m\000o\000r\000n\000i\000n\000g}{}% 72
\BOOKMARK [1][-]{section.15.1}{\376\377\000S\000e\000v\000e\000n\000t\000h\000\040\000e\000n\000l\000i\000g\000h\000t\000e\000n\000m\000e\000n\000t\000\040\000f\000a\000c\000t\000o\000r\000\040\000u\000p\000e\000k\000k\000h\000a}{chapter.15}% 73
\BOOKMARK [1][-]{section.15.2}{\376\377\000T\000h\000i\000r\000d\000\040\000j\000h\000a\000n\000a}{chapter.15}% 74
\BOOKMARK [1][-]{section.15.3}{\376\377\000F\000o\000u\000r\000t\000h\000\040\000j\000h\000a\000n\000a}{chapter.15}% 75
\BOOKMARK [1][-]{section.15.4}{\376\377\000D\000e\000t\000e\000r\000m\000i\000n\000e\000d\000\040\000s\000t\000r\000i\000v\000i\000n\000g}{chapter.15}% 76
\BOOKMARK [0][-]{chapter.16}{\376\377\000D\000a\000y\000\040\0007\000,\000\040\000a\000f\000t\000e\000r\000n\000o\000o\000n}{}% 77
\BOOKMARK [1][-]{section.16.1}{\376\377\000T\000h\000e\000\040\000t\000e\000n\000\040\000p\001\001\000r\000a\000m\001\053}{chapter.16}% 78
\BOOKMARK [0][-]{chapter.17}{\376\377\000F\000i\000n\000a\000l\000\040\000w\000o\000r\000d\000s}{}% 79
\BOOKMARK [0][-]{appendix.A}{\376\377\000C\000h\000a\000n\000t\000i\000n\000g}{}% 80
\BOOKMARK [1][-]{section.A.1}{\376\377\000M\000o\000r\000n\000i\000n\000g\000\040\000C\000h\000a\000n\000t\000i\000n\000g}{appendix.A}% 81
\BOOKMARK [2][-]{subsection.A.1.1}{\376\377\000H\000o\000m\000a\000g\000e}{section.A.1}% 82
\BOOKMARK [2][-]{subsection.A.1.2}{\376\377\000G\000o\000i\000n\000g\000\040\000f\000o\000r\000\040\000R\000e\000f\000u\000g\000e}{section.A.1}% 83
\BOOKMARK [2][-]{subsection.A.1.3}{\376\377\000T\000a\000k\000i\000n\000g\000\040\000t\000h\000e\000\040\000E\000i\000g\000h\000t\000\040\000P\000r\000e\000c\000e\000p\000t\000s}{section.A.1}% 84
\BOOKMARK [1][-]{section.A.2}{\376\377\000E\000v\000e\000n\000i\000n\000g\000\040\000c\000h\000a\000n\000t\000i\000n\000g}{appendix.A}% 85
\BOOKMARK [2][-]{subsection.A.2.1}{\376\377\000R\000e\000c\000o\000l\000l\000e\000c\000t\000i\000o\000n\000\040\000o\000f\000\040\000t\000h\000e\000\040\000B\000u\000d\000d\000h\000a}{section.A.2}% 86
\BOOKMARK [2][-]{subsection.A.2.2}{\376\377\000R\000e\000c\000o\000l\000l\000e\000c\000t\000i\000o\000n\000\040\000o\000f\000\040\000t\000h\000e\000\040\000D\000h\000a\000m\000m\000a}{section.A.2}% 87
\BOOKMARK [2][-]{subsection.A.2.3}{\376\377\000R\000e\000c\000o\000l\000l\000e\000c\000t\000i\000o\000n\000\040\000o\000f\000\040\000t\000h\000e\000\040\000S\000a\000n\000g\000h\000a}{section.A.2}% 88
\BOOKMARK [2][-]{subsection.A.2.4}{\376\377\000T\000h\000e\000\040\000S\000u\000b\000l\000i\000m\000e\000\040\000A\000t\000t\000i\000t\000u\000d\000e\000s}{section.A.2}% 89
\BOOKMARK [3][-]{subsubsection*.3}{\376\377\000M\000e\000t\000t\000a\000\040\040\023\000\040\000L\000o\000v\000i\000n\000g\000-\000K\000i\000n\000d\000n\000e\000s\000s}{subsection.A.2.4}% 90
\BOOKMARK [3][-]{subsubsection*.4}{\376\377\000K\000a\000r\000u\000n\000a\000\040\040\023\000\040\000C\000o\000m\000p\000a\000s\000s\000i\000o\000n}{subsection.A.2.4}% 91
\BOOKMARK [3][-]{subsubsection*.5}{\376\377\000M\000u\000d\000i\000t\000a\000\040\040\023\000\040\000S\000y\000m\000p\000a\000t\000h\000e\000t\000i\000c\000\040\000J\000o\000y}{subsection.A.2.4}% 92
\BOOKMARK [3][-]{subsubsection*.6}{\376\377\000U\000p\000e\000k\000k\000h\000a\000\040\040\023\000\040\000E\000q\000u\000a\000n\000i\000m\000i\000t\000y}{subsection.A.2.4}% 93
\BOOKMARK [0][-]{appendix.B}{\376\377\000A\000p\000p\000e\000n\000d\000i\000c\000e\000s}{}% 94
\BOOKMARK [1][-]{section.B.1}{\376\377\000F\000o\000u\000r\000\040\000f\000o\000u\000n\000d\000a\000t\000i\000o\000n\000s\000\040\000o\000f\000\040\000m\000i\000n\000d\000f\000u\000l\000n\000e\000s\000s\000\040\000a\000n\000d\000\040\000t\000h\000e\000\040\000f\000i\000v\000e\000\040\000a\000g\000g\000r\000e\000g\000a\000t\000e\000s}{appendix.B}% 95
\BOOKMARK [1][-]{section.B.2}{\376\377\000T\000h\000e\000\040\000n\000o\000b\000l\000e\000\040\000e\000i\000g\000h\000t\000f\000o\000l\000d\000\040\000p\000a\000t\000h\000,\000\040\000t\000h\000e\000\040\000f\000i\000v\000e\000\040\000f\000a\000c\000u\000l\000t\000i\000e\000s\000,\000\040\000t\000h\000e\000\040\000s\000e\000v\000e\000n\000\040\000f\000a\000c\000t\000o\000r\000s\000\040\000o\000f\000\040\000e\000n\000l\000i\000g\000h\000t\000e\000n\000m\000e\000n\000t}{appendix.B}% 96
\BOOKMARK [1][-]{section.B.3}{\376\377\000R\000i\000g\000h\000t\000\040\000c\000o\000n\000c\000e\000n\000t\000r\000a\000t\000i\000o\000n}{appendix.B}% 97
\BOOKMARK [1][-]{section.B.4}{\376\377\000D\000e\000p\000e\000n\000d\000e\000n\000t\000\040\000o\000r\000i\000g\000i\000n\000a\000t\000i\000o\000n}{appendix.B}% 98
\BOOKMARK [1][-]{section.B.5}{\376\377\000V\000i\000p\000a\000s\000s\000a\000n\000a\000\040\000i\000n\000s\000i\000g\000h\000t\000s\000\040\000\050\000v\000i\000p\000a\000s\000s\000a\000n\001\001\000\040\000\361\001\001\036\107\000a\000s\000\051}{appendix.B}% 99
\BOOKMARK [1][-]{section.B.6}{\376\377\000T\000h\000e\000\040\000f\000o\000u\000r\000\040\000n\000o\000b\000l\000e\000\040\000i\000n\000d\000i\000v\000i\000d\000u\000a\000l\000s\000\040\000\050\000a\000r\000i\000y\000a\000-\000p\000u\000g\000g\000a\000l\000a\000\051}{appendix.B}% 100
\BOOKMARK [0][-]{appendix.C}{\376\377\000A\000n\000t\000h\000o\000n\000y\000\040\000M\000a\000r\000k\000w\000e\000l\000l}{}% 101
